All targets of boot loader are done.
All targets of kernel are done.
All targets of lib are done.
All targets of user are done.
+ ld[KERN] obj/kern/kernel
ld: warning: ./obj/user/flocktest/flocktest: missing .note.GNU-stack section implies executable stack
ld: NOTE: This behaviour is deprecated and will be removed in a future version of the linker
131040+0 records in
131040+0 records out
67092480 bytes (67 MB, 64 MiB) copied, 0.753168 s, 89.1 MB/s
0+1 records in
0+1 records out
131 bytes copied, 0.00102153 s, 128 kB/s
12+1 records in
12+1 records out
6528 bytes (6.5 kB, 6.4 KiB) copied, 0.00227829 s, 2.9 MB/s
1401+1 records in
1401+1 records out
717356 bytes (717 kB, 701 KiB) copied, 0.00470662 s, 152 MB/s
[95mBuilding Certikos Image...[0m
[95m
creating disk...[0m
[92mdone.[0m
[95m
writing mbr...[0m
[92mdone.[0m
[95m
copying kernel files...[0m
[94mkernel starts at sector 2048[0m
[92m[1m
All done.[0m
***
*** Use Ctrl-a x to exit qemu
***
c[?7l[2J[0mSeaBIOS (version 1.16.3-debian-1.16.3-2)


iPXE (https://ipxe.org) 00:03.0 CA00 PCI2.10 PnP PMM+7EFCAF60+7EF0AF60 CA00
Press Ctrl-B to configure iPXE (PCI 00:03.0)...                                                                               


Booting from Hard Disk..c[?7l[2J[0mStart boot0 ...
Start boot1 ...
E820...
E820 done.
Switching to protected mode..[boot1] entered boot1main
[boot1] found bootable partition
[boot1] parsed e820
[boot1] load kernel
[boot1] kernel entry 0x1065f0
[boot1] entry word 0x-7459906
[boot1] kernel loaded, jumping
[boot1] start kernel
KOSI[kern] kern_init
[kern] thread_init...
>>> entered kern_init <<<
[kern] thread_init: begin
[kern] thread_init: tqueue_init...
[kern] tqueue_init: tcb_init...
[kern] tcb_init: paging_init...
[kern] paging_init: pdir_init_kern...
[kern] pdir_init_kern: pdir_init...
[kern] pdir_init: idptbl_init...
