All targets of boot loader are done.
All targets of kernel are done.
All targets of lib are done.
All targets of user are done.
+ ld[KERN] obj/kern/kernel
ld: warning: ./obj/user/flocktest/flocktest: missing .note.GNU-stack section implies executable stack
ld: NOTE: This behaviour is deprecated and will be removed in a future version of the linker
131040+0 records in
131040+0 records out
67092480 bytes (67 MB, 64 MiB) copied, 0.56761 s, 118 MB/s
0+1 records in
0+1 records out
131 bytes copied, 0.0012504 s, 105 kB/s
12+1 records in
12+1 records out
6528 bytes (6.5 kB, 6.4 KiB) copied, 0.0003453 s, 18.9 MB/s
1408+1 records in
1408+1 records out
720924 bytes (721 kB, 704 KiB) copied, 0.00697798 s, 103 MB/s
[95mBuilding Certikos Image...[0m
[95m
creating disk...[0m
[92mdone.[0m
[95m
writing mbr...[0m
[92mdone.[0m
[95m
copying kernel files...[0m
[94mkernel starts at sector 2048[0m
[92m[1m
All done.[0m
***
*** Use Ctrl-a x to exit qemu
***
c[?7l[2J[0mSeaBIOS (version 1.16.3-debian-1.16.3-2)


iPXE (https://ipxe.org) 00:03.0 CA00 PCI2.10 PnP PMM+7EFCAF60+7EF0AF60 CA00
Press Ctrl-B to configure iPXE (PCI 00:03.0)...                                                                               


Booting from Hard Disk..c[?7l[2J[0mStart boot0 ...
Start boot1 ...
E820...
E820 done.
Switching to protected mode..[boot1] entered boot1main
[boot1] found bootable partition
[boot1] parsed e820
[boot1] load kernel
[boot1] kernel entry 0x1067d0
[boot1] entry word 0x-7459906
[boot1] kernel loaded, jumping
[boot1] start kernel
KOSI[kern] kern_init
[kern] thread_init...
>>> entered kern_init <<<
[kern] thread_init: begin
[kern] thread_init: tqueue_init...
[kern] tqueue_init: tcb_init...
[kern] tcb_init: paging_init...
[kern] paging_init: pdir_init_kern...
[kern] pdir_init_kern: pdir_init...
[kern] pdir_init: idptbl_init...
[kern] idptbl_init: container_init...
[kern] container_init: pmem_init...
[kern] pmem_init: devinit...
[kern] devinit: seg_init...
[kern] devinit: enable_sse...
[kern] devinit: enable_sse done
[kern] devinit: cons_init...
[kern] cons_init: begin
[kern] cons_init: memset done
[kern] cons_init: serial_init done
addr_6845:3d4
[kern] cons_init: video_init done
[kern] cons_init: done
[kern] devinit: console ready
[BSP KERN] cons initialized.
[BSP KERN] devinit mbi_addr: 38688

[D] kern/dev/pcpu_mp.c:335: Not found RSDP.
[D] kern/dev/pcpu_mp.c:428: Use the fallback multiprocessor initialization.
	CPU0: APIC id = 0, BSP.
	IOAPIC: APIC id = 0, base = fec00000
CPU0: AuthenticAMD, FAMILY 15(0), MODEL 11(6), STEP 1, FEATURE 0x80002001 0x178bfbfd, SSE, SSE2, SSE3, L1 Cache 64 KB (64 bytes) 
[BSP KERN] PCPU initialized
[D] kern/dev/tsc.c:60: pitcnt=232542, tscmin=25, tscmax=43
[D] kern/dev/tsc.c:108: TSC freq = 999.000 MHz.
[BSP KERN] TSC initialized
[D] kern/dev/lapic.c:125: LAPIC timer freq = 999930000 Hz.
[D] kern/dev/lapic.c:129: Set LAPIC TICR = f41fa.
[BSP KERN] INTR initialized
[BSP KERN] Register trap handlers...
[BSP KERN] Done.
[BSP KERN] Enabling interrupts...
[BSP KERN] Done.

BIOS-e820: 0x00000000 - 0x0009fbff (usable)
BIOS-e820: 0x0009fc00 - 0x0009ffff (reserved)
BIOS-e820: 0x000f0000 - 0x000fffff (reserved)
BIOS-e820: 0x00100000 - 0xffffffff (unknown)
[BSP KERN] IDE disk driver initialized
[kern] pmem_init: devinit done
[kern] container_init: pmem_init done
[D] kern/pmm/MContainer/MContainer.c:67: 
real quota: 0

[kern] idptbl_init: filling IDPTbl...
[kern] idptbl_init: pde chunk
[kern] idptbl_init: pde chunk
[kern] idptbl_init: pde chunk
[kern] idptbl_init: pde chunk
[kern] idptbl_init: pde chunk
[kern] idptbl_init: pde chunk
[kern] idptbl_init: pde chunk
[kern] idptbl_init: pde chunk
[kern] idptbl_init: done
[kern] pdir_init: init pdirs...
[kern] pdir_init: done
[kern] pdir_init_kern: identity-map user PDEs...
[kern] pdir_init_kern: done
[kern] paging_init: set_pdir_base...
[kern] paging_init: enable_paging...
[kern] paging_init: paging enabled
[kern] tcb_init: init tcbs...
[kern] tcb_init: done
[kern] tqueue_init: init queues...
[kern] tqueue_init: done
[kern] thread_init: tqueue_init done
[kern] thread_init: done
[kern] thread_init done
[BSP KERN] Kernel initialized.
[BSP KERN] In kernel main.

[BSP KERN] Number of CPUs in this system: 1. 
CPU0: process idle 64 is created.
